This file contains any messages produced by compilers while
running configure, to aid debugging if configure makes a mistake.

It was created by autogrid configure 4.2.3, which was
generated by GNU Autoconf 2.61.  Invocation command line was

  $ ./configure 

## --------- ##
## Platform. ##
## --------- ##

hostname = bircibm
uname -m = x86_64
uname -r = 2.6.18-194.17.1.el5
uname -s = Linux
uname -v = #1 SMP Mon Sep 20 07:12:06 EDT 2010

/usr/bin/uname -p = unknown
/bin/uname -X     = unknown

/bin/arch              = x86_64
/usr/bin/arch -k       = unknown
/usr/convex/getsysinfo = unknown
/usr/bin/hostinfo      = unknown
/bin/machine           = unknown
/usr/bin/oslevel       = unknown
/bin/universe          = unknown

PATH: /usr/lib64/openmpi/1.4-gcc/bin
PATH: /usr/kerberos/bin
PATH: /usr/local/gromacs/bin
PATH: /usr/local/bin
PATH: /bin
PATH: /usr/bin
PATH: /usr/local/amber10/exe
PATH: /usr/lpp/mmfs/bin
PATH: /usr/java/default
PATH: /bin
PATH: /opt/maui/sbin
PATH: /opt/maui/bin
PATH: /usr/local/autodock/bin
PATH: /usr/local/autogrid/bin
PATH: /usr/local/mgltools/bin
PATH: /usr/local/namd
PATH: /usr/NX/bin
PATH: /opt/torque/sbin
PATH: /opt/torque/bin
PATH: /usr/local/vmd/bin
PATH: /opt/xcat/bin
PATH: /opt/xcat/sbin
PATH: .
PATH: /home/xouyang1/software/cmake/bin
PATH: /home/xouyang1/.local/UCSF-Chimera64-1.5.2/bin
PATH: /home/xouyang1/Downloads/bitcoin-813a3b4/src
PATH: /home/xouyang1/Downloads/yasm/bin


## ----------- ##
## Core tests. ##
## ----------- ##

configure:1801: checking for a BSD-compatible install
configure:1857: result: /usr/bin/install -c
configure:1868: checking whether build environment is sane
configure:1911: result: yes
configure:1939: checking for a thread-safe mkdir -p
configure:1978: result: /bin/mkdir -p
configure:1991: checking for gawk
configure:2007: found /bin/gawk
configure:2018: result: gawk
configure:2029: checking whether make sets $(MAKE)
configure:2050: result: yes
configure:2298: checking for g++
configure:2314: found /usr/bin/g++
configure:2325: result: g++
configure:2356: checking for C++ compiler version
configure:2363: g++ --version >&5
g++ (GCC) 4.1.2 20080704 (Red Hat 4.1.2-51)
Copyright (C) 2006 Free Software Foundation, Inc.
This is free software; see the source for copying conditions.  There is NO
warranty; not even for MERCHANTABILITY or FITNESS FOR A PARTICULAR PURPOSE.

configure:2366: $? = 0
configure:2373: g++ -v >&5
Using built-in specs.
Target: x86_64-redhat-linux
Configured with: ../configure --prefix=/usr --mandir=/usr/share/man --infodir=/usr/share/info --enable-shared --enable-threads=posix --enable-checking=release --with-system-zlib --enable-__cxa_atexit --disable-libunwind-exceptions --enable-libgcj-multifile --enable-languages=c,c++,objc,obj-c++,java,fortran,ada --enable-java-awt=gtk --disable-dssi --disable-plugin --with-java-home=/usr/lib/jvm/java-1.4.2-gcj-1.4.2.0/jre --with-cpu=generic --host=x86_64-redhat-linux
Thread model: posix
gcc version 4.1.2 20080704 (Red Hat 4.1.2-51)
configure:2376: $? = 0
configure:2383: g++ -V >&5
g++: '-V' option must have argument
configure:2386: $? = 1
configure:2409: checking for C++ compiler default output file name
configure:2436: g++    conftest.cpp  >&5
configure:2439: $? = 0
configure:2477: result: a.out
configure:2494: checking whether the C++ compiler works
configure:2504: ./a.out
configure:2507: $? = 0
configure:2524: result: yes
configure:2531: checking whether we are cross compiling
configure:2533: result: no
configure:2536: checking for suffix of executables
configure:2543: g++ -o conftest    conftest.cpp  >&5
configure:2546: $? = 0
configure:2570: result: 
configure:2576: checking for suffix of object files
configure:2602: g++ -c   conftest.cpp >&5
configure:2605: $? = 0
configure:2628: result: o
configure:2632: checking whether we are using the GNU C++ compiler
configure:2661: g++ -c   conftest.cpp >&5
configure:2667: $? = 0
configure:2684: result: yes
configure:2689: checking whether g++ accepts -g
configure:2719: g++ -c -g  conftest.cpp >&5
configure:2725: $? = 0
configure:2824: result: yes
configure:2858: checking for style of include used by make
configure:2886: result: GNU
configure:2911: checking dependency style of g++
configure:3002: result: gcc3
configure:3024: checking build system type
configure:3042: result: x86_64-unknown-linux-gnu
configure:3064: checking host system type
configure:3079: result: x86_64-unknown-linux-gnu
configure:3151: checking for gcc
configure:3167: found /usr/bin/gcc
configure:3178: result: gcc
configure:3416: checking for C compiler version
configure:3423: gcc --version >&5
gcc (GCC) 4.1.2 20080704 (Red Hat 4.1.2-51)
Copyright (C) 2006 Free Software Foundation, Inc.
This is free software; see the source for copying conditions.  There is NO
warranty; not even for MERCHANTABILITY or FITNESS FOR A PARTICULAR PURPOSE.

configure:3426: $? = 0
configure:3433: gcc -v >&5
Using built-in specs.
Target: x86_64-redhat-linux
Configured with: ../configure --prefix=/usr --mandir=/usr/share/man --infodir=/usr/share/info --enable-shared --enable-threads=posix --enable-checking=release --with-system-zlib --enable-__cxa_atexit --disable-libunwind-exceptions --enable-libgcj-multifile --enable-languages=c,c++,objc,obj-c++,java,fortran,ada --enable-java-awt=gtk --disable-dssi --disable-plugin --with-java-home=/usr/lib/jvm/java-1.4.2-gcj-1.4.2.0/jre --with-cpu=generic --host=x86_64-redhat-linux
Thread model: posix
gcc version 4.1.2 20080704 (Red Hat 4.1.2-51)
configure:3436: $? = 0
configure:3443: gcc -V >&5
gcc: '-V' option must have argument
configure:3446: $? = 1
configure:3449: checking whether we are using the GNU C compiler
configure:3478: gcc -c   conftest.c >&5
configure:3484: $? = 0
configure:3501: result: yes
configure:3506: checking whether gcc accepts -g
configure:3536: gcc -c -g  conftest.c >&5
configure:3542: $? = 0
configure:3641: result: yes
configure:3658: checking for gcc option to accept ISO C89
configure:3732: gcc  -c -g -O2  conftest.c >&5
configure:3738: $? = 0
configure:3761: result: none needed
configure:3781: checking dependency style of gcc
configure:3872: result: gcc3
configure:3889: checking for sqrt in -lm
configure:3924: gcc -o conftest -g -O2   conftest.c -lm   >&5
conftest.c:17: warning: conflicting types for built-in function 'sqrt'
configure:3930: $? = 0
configure:3948: result: yes
configure:3966: checking how to run the C preprocessor
configure:4006: gcc -E  conftest.c
configure:4012: $? = 0
configure:4043: gcc -E  conftest.c
conftest.c:11:28: error: ac_nonexistent.h: No such file or directory
configure:4049: $? = 1
configure: failed program was:
| /* confdefs.h.  */
| #define PACKAGE_NAME "autogrid"
| #define PACKAGE_TARNAME "autogrid"
| #define PACKAGE_VERSION "4.2.3"
| #define PACKAGE_STRING "autogrid 4.2.3"
| #define PACKAGE_BUGREPORT "autodock@scripps.edu"
| #define PACKAGE "autogrid"
| #define VERSION "4.2.3"
| #define HAVE_LIBM 1
| /* end confdefs.h.  */
| #include <ac_nonexistent.h>
configure:4082: result: gcc -E
configure:4111: gcc -E  conftest.c
configure:4117: $? = 0
configure:4148: gcc -E  conftest.c
conftest.c:11:28: error: ac_nonexistent.h: No such file or directory
configure:4154: $? = 1
configure: failed program was:
| /* confdefs.h.  */
| #define PACKAGE_NAME "autogrid"
| #define PACKAGE_TARNAME "autogrid"
| #define PACKAGE_VERSION "4.2.3"
| #define PACKAGE_STRING "autogrid 4.2.3"
| #define PACKAGE_BUGREPORT "autodock@scripps.edu"
| #define PACKAGE "autogrid"
| #define VERSION "4.2.3"
| #define HAVE_LIBM 1
| /* end confdefs.h.  */
| #include <ac_nonexistent.h>
configure:4192: checking for grep that handles long lines and -e
configure:4266: result: /bin/grep
configure:4271: checking for egrep
configure:4349: result: /bin/grep -E
configure:4354: checking for ANSI C header files
configure:4384: gcc -c -g -O2  conftest.c >&5
configure:4390: $? = 0
configure:4489: gcc -o conftest -g -O2   conftest.c -lm  >&5
configure:4492: $? = 0
configure:4498: ./conftest
configure:4501: $? = 0
configure:4518: result: yes
configure:4545: checking for sys/types.h
configure:4566: gcc -c -g -O2  conftest.c >&5
configure:4572: $? = 0
configure:4588: result: yes
configure:4545: checking for sys/stat.h
configure:4566: gcc -c -g -O2  conftest.c >&5
configure:4572: $? = 0
configure:4588: result: yes
configure:4545: checking for stdlib.h
configure:4566: gcc -c -g -O2  conftest.c >&5
configure:4572: $? = 0
configure:4588: result: yes
configure:4545: checking for string.h
configure:4566: gcc -c -g -O2  conftest.c >&5
configure:4572: $? = 0
configure:4588: result: yes
configure:4545: checking for memory.h
configure:4566: gcc -c -g -O2  conftest.c >&5
configure:4572: $? = 0
configure:4588: result: yes
configure:4545: checking for strings.h
configure:4566: gcc -c -g -O2  conftest.c >&5
configure:4572: $? = 0
configure:4588: result: yes
configure:4545: checking for inttypes.h
configure:4566: gcc -c -g -O2  conftest.c >&5
configure:4572: $? = 0
configure:4588: result: yes
configure:4545: checking for stdint.h
configure:4566: gcc -c -g -O2  conftest.c >&5
configure:4572: $? = 0
configure:4588: result: yes
configure:4545: checking for unistd.h
configure:4566: gcc -c -g -O2  conftest.c >&5
configure:4572: $? = 0
configure:4588: result: yes
configure:4600: checking for stdbool.h that conforms to C99
configure:4693: gcc -c -g -O2  conftest.c >&5
configure:4699: $? = 0
configure:4714: result: yes
configure:4716: checking for _Bool
configure:4746: gcc -c -g -O2  conftest.c >&5
configure:4752: $? = 0
configure:4767: result: yes
configure:4786: checking for an ANSI C-conforming const
configure:4861: gcc -c -g -O2  conftest.c >&5
configure:4867: $? = 0
configure:4882: result: yes
configure:4892: checking whether struct tm is in sys/time.h or time.h
configure:4922: gcc -c -g -O2  conftest.c >&5
configure:4928: $? = 0
configure:4943: result: time.h
configure:4960: checking for stdlib.h
configure:4966: result: yes
configure:5100: checking for GNU libc compatible malloc
configure:5134: gcc -o conftest -g -O2   conftest.c -lm  >&5
configure:5137: $? = 0
configure:5143: ./conftest
configure:5146: $? = 0
configure:5162: result: yes
configure:5198: checking for gethostname
configure:5254: gcc -o conftest -g -O2   conftest.c -lm  >&5
configure:5260: $? = 0
configure:5278: result: yes
configure:5198: checking for pow
configure:5254: gcc -o conftest -g -O2   conftest.c -lm  >&5
conftest.c:49: warning: conflicting types for built-in function 'pow'
configure:5260: $? = 0
configure:5278: result: yes
configure:5198: checking for round
configure:5254: gcc -o conftest -g -O2   conftest.c -lm  >&5
conftest.c:50: warning: conflicting types for built-in function 'round'
configure:5260: $? = 0
configure:5278: result: yes
configure:5198: checking for sqrt
configure:5254: gcc -o conftest -g -O2   conftest.c -lm  >&5
conftest.c:51: warning: conflicting types for built-in function 'sqrt'
configure:5260: $? = 0
configure:5278: result: yes
configure:5198: checking for strncasecmp
configure:5254: gcc -o conftest -g -O2   conftest.c -lm  >&5
conftest.c:52: warning: conflicting types for built-in function 'strncasecmp'
configure:5260: $? = 0
configure:5278: result: yes
configure:5469: creating ./config.status

## ---------------------- ##
## Running config.status. ##
## ---------------------- ##

This file was extended by autogrid config.status 4.2.3, which was
generated by GNU Autoconf 2.61.  Invocation command line was

  CONFIG_FILES    = 
  CONFIG_HEADERS  = 
  CONFIG_LINKS    = 
  CONFIG_COMMANDS = 
  $ ./config.status 

on bircibm

config.status:638: creating Makefile
config.status:833: linking ./../autodock/read_parameter_library.cc to read_parameter_library.cpp
config.status:855: executing depfiles commands

## ---------------- ##
## Cache variables. ##
## ---------------- ##

ac_cv_build=x86_64-unknown-linux-gnu
ac_cv_c_compiler_gnu=yes
ac_cv_c_const=yes
ac_cv_cxx_compiler_gnu=yes
ac_cv_env_CCC_set=
ac_cv_env_CCC_value=
ac_cv_env_CC_set=
ac_cv_env_CC_value=
ac_cv_env_CFLAGS_set=
ac_cv_env_CFLAGS_value=
ac_cv_env_CPPFLAGS_set=
ac_cv_env_CPPFLAGS_value=
ac_cv_env_CPP_set=
ac_cv_env_CPP_value=
ac_cv_env_CXXFLAGS_set=
ac_cv_env_CXXFLAGS_value=
ac_cv_env_CXX_set=
ac_cv_env_CXX_value=
ac_cv_env_LDFLAGS_set=
ac_cv_env_LDFLAGS_value=
ac_cv_env_LIBS_set=
ac_cv_env_LIBS_value=
ac_cv_env_build_alias_set=
ac_cv_env_build_alias_value=
ac_cv_env_host_alias_set=
ac_cv_env_host_alias_value=
ac_cv_env_target_alias_set=
ac_cv_env_target_alias_value=
ac_cv_func_gethostname=yes
ac_cv_func_malloc_0_nonnull=yes
ac_cv_func_pow=yes
ac_cv_func_round=yes
ac_cv_func_sqrt=yes
ac_cv_func_strncasecmp=yes
ac_cv_header_inttypes_h=yes
ac_cv_header_memory_h=yes
ac_cv_header_stdbool_h=yes
ac_cv_header_stdc=yes
ac_cv_header_stdint_h=yes
ac_cv_header_stdlib_h=yes
ac_cv_header_string_h=yes
ac_cv_header_strings_h=yes
ac_cv_header_sys_stat_h=yes
ac_cv_header_sys_types_h=yes
ac_cv_header_unistd_h=yes
ac_cv_host=x86_64-unknown-linux-gnu
ac_cv_lib_m_sqrt=yes
ac_cv_objext=o
ac_cv_path_EGREP='/bin/grep -E'
ac_cv_path_GREP=/bin/grep
ac_cv_path_install='/usr/bin/install -c'
ac_cv_path_mkdir=/bin/mkdir
ac_cv_prog_AWK=gawk
ac_cv_prog_CPP='gcc -E'
ac_cv_prog_ac_ct_CC=gcc
ac_cv_prog_ac_ct_CXX=g++
ac_cv_prog_cc_c89=
ac_cv_prog_cc_g=yes
ac_cv_prog_cxx_g=yes
ac_cv_prog_make_make_set=yes
ac_cv_struct_tm=time.h
ac_cv_type__Bool=yes
am_cv_CC_dependencies_compiler_type=gcc3
am_cv_CXX_dependencies_compiler_type=gcc3

## ----------------- ##
## Output variables. ##
## ----------------- ##

ACLOCAL='${SHELL} /home/xouyang1/B-bond/autodock/src/autogrid/missing --run aclocal-1.10'
AMDEPBACKSLASH='\'
AMDEP_FALSE='#'
AMDEP_TRUE=''
AMTAR='${SHELL} /home/xouyang1/B-bond/autodock/src/autogrid/missing --run tar'
AUTOCONF='${SHELL} /home/xouyang1/B-bond/autodock/src/autogrid/missing --run autoconf'
AUTOHEADER='${SHELL} /home/xouyang1/B-bond/autodock/src/autogrid/missing --run autoheader'
AUTOMAKE='${SHELL} /home/xouyang1/B-bond/autodock/src/autogrid/missing --run automake-1.10'
AWK='gawk'
CC='gcc'
CCDEPMODE='depmode=gcc3'
CFLAGS='-g -O2'
CPP='gcc -E'
CPPFLAGS=''
CXX='g++'
CXXDEPMODE='depmode=gcc3'
CXXFLAGS='-g -O2'
CYGPATH_W='echo'
DEFS='-DPACKAGE_NAME=\"autogrid\" -DPACKAGE_TARNAME=\"autogrid\" -DPACKAGE_VERSION=\"4.2.3\" -DPACKAGE_STRING=\"autogrid\ 4.2.3\" -DPACKAGE_BUGREPORT=\"autodock@scripps.edu\" -DPACKAGE=\"autogrid\" -DVERSION=\"4.2.3\" -DHAVE_LIBM=1 -DSTDC_HEADERS=1 -DHAVE_SYS_TYPES_H=1 -DHAVE_SYS_STAT_H=1 -DHAVE_STDLIB_H=1 -DHAVE_STRING_H=1 -DHAVE_MEMORY_H=1 -DHAVE_STRINGS_H=1 -DHAVE_INTTYPES_H=1 -DHAVE_STDINT_H=1 -DHAVE_UNISTD_H=1 -DHAVE__BOOL=1 -DHAVE_STDBOOL_H=1 -DHAVE_STDLIB_H=1 -DHAVE_MALLOC=1 -DHAVE_GETHOSTNAME=1 -DHAVE_POW=1 -DHAVE_ROUND=1 -DHAVE_SQRT=1 -DHAVE_STRNCASECMP=1'
DEPDIR='.deps'
ECHO_C=''
ECHO_N='-n'
ECHO_T=''
EGREP='/bin/grep -E'
EXEEXT=''
GREP='/bin/grep'
INSTALL_DATA='${INSTALL} -m 644'
INSTALL_PROGRAM='${INSTALL}'
INSTALL_SCRIPT='${INSTALL}'
INSTALL_STRIP_PROGRAM='$(install_sh) -c -s'
LDFLAGS=''
LIBOBJS=''
LIBS='-lm '
LTLIBOBJS=''
MAKEINFO='${SHELL} /home/xouyang1/B-bond/autodock/src/autogrid/missing --run makeinfo'
OBJEXT='o'
PACKAGE='autogrid'
PACKAGE_BUGREPORT='autodock@scripps.edu'
PACKAGE_NAME='autogrid'
PACKAGE_STRING='autogrid 4.2.3'
PACKAGE_TARNAME='autogrid'
PACKAGE_VERSION='4.2.3'
PATH_SEPARATOR=':'
SET_MAKE=''
SHELL='/bin/sh'
STRIP=''
VERSION='4.2.3'
WANT_BIGSTACK_FALSE=''
WANT_BIGSTACK_TRUE='#'
ac_ct_CC='gcc'
ac_ct_CXX='g++'
am__fastdepCC_FALSE='#'
am__fastdepCC_TRUE=''
am__fastdepCXX_FALSE='#'
am__fastdepCXX_TRUE=''
am__include='include'
am__isrc=''
am__leading_dot='.'
am__quote=''
am__tar='${AMTAR} chof - "$$tardir"'
am__untar='${AMTAR} xf -'
bindir='${exec_prefix}/bin'
build='x86_64-unknown-linux-gnu'
build_alias=''
build_cpu='x86_64'
build_os='linux-gnu'
build_vendor='unknown'
datadir='${datarootdir}'
datarootdir='${prefix}/share'
docdir='${datarootdir}/doc/${PACKAGE_TARNAME}'
dvidir='${docdir}'
exec_prefix='${prefix}'
host='x86_64-unknown-linux-gnu'
host_alias=''
host_cpu='x86_64'
host_os='linux-gnu'
host_vendor='unknown'
htmldir='${docdir}'
includedir='${prefix}/include'
infodir='${datarootdir}/info'
install_sh='$(SHELL) /home/xouyang1/B-bond/autodock/src/autogrid/install-sh'
libdir='${exec_prefix}/lib'
libexecdir='${exec_prefix}/libexec'
localedir='${datarootdir}/locale'
localstatedir='${prefix}/var'
mandir='${datarootdir}/man'
mkdir_p='/bin/mkdir -p'
oldincludedir='/usr/include'
pdfdir='${docdir}'
prefix='/usr/local'
program_transform_name='s,x,x,'
psdir='${docdir}'
sbindir='${exec_prefix}/sbin'
sharedstatedir='${prefix}/com'
sysconfdir='${prefix}/etc'
target_alias=''

## ----------- ##
## confdefs.h. ##
## ----------- ##

#define PACKAGE_NAME "autogrid"
#define PACKAGE_TARNAME "autogrid"
#define PACKAGE_VERSION "4.2.3"
#define PACKAGE_STRING "autogrid 4.2.3"
#define PACKAGE_BUGREPORT "autodock@scripps.edu"
#define PACKAGE "autogrid"
#define VERSION "4.2.3"
#define HAVE_LIBM 1
#define STDC_HEADERS 1
#define HAVE_SYS_TYPES_H 1
#define HAVE_SYS_STAT_H 1
#define HAVE_STDLIB_H 1
#define HAVE_STRING_H 1
#define HAVE_MEMORY_H 1
#define HAVE_STRINGS_H 1
#define HAVE_INTTYPES_H 1
#define HAVE_STDINT_H 1
#define HAVE_UNISTD_H 1
#define HAVE__BOOL 1
#define HAVE_STDBOOL_H 1
#define HAVE_STDLIB_H 1
#define HAVE_MALLOC 1
#define HAVE_GETHOSTNAME 1
#define HAVE_POW 1
#define HAVE_ROUND 1
#define HAVE_SQRT 1
#define HAVE_STRNCASECMP 1

configure: exit 0
