This file contains any messages produced by compilers while
running configure, to aid debugging if configure makes a mistake.

It was created by autodock configure 4.2.3, which was
generated by GNU Autoconf 2.61.  Invocation command line was

  $ ./configure 

## --------- ##
## Platform. ##
## --------- ##

hostname = bircibm
uname -m = x86_64
uname -r = 2.6.18-194.17.1.el5
uname -s = Linux
uname -v = #1 SMP Mon Sep 20 07:12:06 EDT 2010

/usr/bin/uname -p = unknown
/bin/uname -X     = unknown

/bin/arch              = x86_64
/usr/bin/arch -k       = unknown
/usr/convex/getsysinfo = unknown
/usr/bin/hostinfo      = unknown
/bin/machine           = unknown
/usr/bin/oslevel       = unknown
/bin/universe          = unknown

PATH: /usr/lib64/openmpi/1.4-gcc/bin
PATH: /usr/kerberos/bin
PATH: /usr/local/gromacs/bin
PATH: /usr/local/bin
PATH: /bin
PATH: /usr/bin
PATH: /usr/local/amber10/exe
PATH: /usr/lpp/mmfs/bin
PATH: /usr/java/default
PATH: /bin
PATH: /opt/maui/sbin
PATH: /opt/maui/bin
PATH: /usr/local/autodock/bin
PATH: /usr/local/autogrid/bin
PATH: /usr/local/mgltools/bin
PATH: /usr/local/namd
PATH: /usr/NX/bin
PATH: /opt/torque/sbin
PATH: /opt/torque/bin
PATH: /usr/local/vmd/bin
PATH: /opt/xcat/bin
PATH: /opt/xcat/sbin
PATH: .
PATH: /home/xouyang1/software/cmake/bin
PATH: /home/xouyang1/.local/UCSF-Chimera64-1.5.2/bin
PATH: /home/xouyang1/Downloads/bitcoin-813a3b4/src
PATH: /home/xouyang1/Downloads/yasm/bin


## ----------- ##
## Core tests. ##
## ----------- ##

configure:1801: checking for a BSD-compatible install
configure:1857: result: /usr/bin/install -c
configure:1868: checking whether build environment is sane
configure:1911: result: yes
configure:1939: checking for a thread-safe mkdir -p
configure:1978: result: /bin/mkdir -p
configure:1991: checking for gawk
configure:2007: found /bin/gawk
configure:2018: result: gawk
configure:2029: checking whether make sets $(MAKE)
configure:2050: result: yes
configure:2247: checking for gawk
configure:2274: result: gawk
configure:2346: checking for g++
configure:2362: found /usr/bin/g++
configure:2373: result: g++
configure:2404: checking for C++ compiler version
configure:2411: g++ --version >&5
g++ (GCC) 4.1.2 20080704 (Red Hat 4.1.2-51)
Copyright (C) 2006 Free Software Foundation, Inc.
This is free software; see the source for copying conditions.  There is NO
warranty; not even for MERCHANTABILITY or FITNESS FOR A PARTICULAR PURPOSE.

configure:2414: $? = 0
configure:2421: g++ -v >&5
Using built-in specs.
Target: x86_64-redhat-linux
Configured with: ../configure --prefix=/usr --mandir=/usr/share/man --infodir=/usr/share/info --enable-shared --enable-threads=posix --enable-checking=release --with-system-zlib --enable-__cxa_atexit --disable-libunwind-exceptions --enable-libgcj-multifile --enable-languages=c,c++,objc,obj-c++,java,fortran,ada --enable-java-awt=gtk --disable-dssi --disable-plugin --with-java-home=/usr/lib/jvm/java-1.4.2-gcj-1.4.2.0/jre --with-cpu=generic --host=x86_64-redhat-linux
Thread model: posix
gcc version 4.1.2 20080704 (Red Hat 4.1.2-51)
configure:2424: $? = 0
configure:2431: g++ -V >&5
g++: '-V' option must have argument
configure:2434: $? = 1
configure:2457: checking for C++ compiler default output file name
configure:2484: g++    conftest.cpp  >&5
configure:2487: $? = 0
configure:2525: result: a.out
configure:2542: checking whether the C++ compiler works
configure:2552: ./a.out
configure:2555: $? = 0
configure:2572: result: yes
configure:2579: checking whether we are cross compiling
configure:2581: result: no
configure:2584: checking for suffix of executables
configure:2591: g++ -o conftest    conftest.cpp  >&5
configure:2594: $? = 0
configure:2618: result: 
configure:2624: checking for suffix of object files
configure:2650: g++ -c   conftest.cpp >&5
configure:2653: $? = 0
configure:2676: result: o
configure:2680: checking whether we are using the GNU C++ compiler
configure:2709: g++ -c   conftest.cpp >&5
configure:2715: $? = 0
configure:2732: result: yes
configure:2737: checking whether g++ accepts -g
configure:2767: g++ -c -g  conftest.cpp >&5
configure:2773: $? = 0
configure:2872: result: yes
configure:2906: checking for style of include used by make
configure:2934: result: GNU
configure:2959: checking dependency style of g++
configure:3050: result: gcc3
configure:3080: checking for a BSD-compatible install
configure:3136: result: /usr/bin/install -c
configure:3190: checking for ranlib
configure:3206: found /usr/bin/ranlib
configure:3217: result: ranlib
configure:3250: checking build system type
configure:3268: result: x86_64-unknown-linux-gnu
configure:3290: checking host system type
configure:3305: result: x86_64-unknown-linux-gnu
configure:3377: checking for gcc
configure:3393: found /usr/bin/gcc
configure:3404: result: gcc
configure:3642: checking for C compiler version
configure:3649: gcc --version >&5
gcc (GCC) 4.1.2 20080704 (Red Hat 4.1.2-51)
Copyright (C) 2006 Free Software Foundation, Inc.
This is free software; see the source for copying conditions.  There is NO
warranty; not even for MERCHANTABILITY or FITNESS FOR A PARTICULAR PURPOSE.

configure:3652: $? = 0
configure:3659: gcc -v >&5
Using built-in specs.
Target: x86_64-redhat-linux
Configured with: ../configure --prefix=/usr --mandir=/usr/share/man --infodir=/usr/share/info --enable-shared --enable-threads=posix --enable-checking=release --with-system-zlib --enable-__cxa_atexit --disable-libunwind-exceptions --enable-libgcj-multifile --enable-languages=c,c++,objc,obj-c++,java,fortran,ada --enable-java-awt=gtk --disable-dssi --disable-plugin --with-java-home=/usr/lib/jvm/java-1.4.2-gcj-1.4.2.0/jre --with-cpu=generic --host=x86_64-redhat-linux
Thread model: posix
gcc version 4.1.2 20080704 (Red Hat 4.1.2-51)
configure:3662: $? = 0
configure:3669: gcc -V >&5
gcc: '-V' option must have argument
configure:3672: $? = 1
configure:3675: checking whether we are using the GNU C compiler
configure:3704: gcc -c   conftest.c >&5
configure:3710: $? = 0
configure:3727: result: yes
configure:3732: checking whether gcc accepts -g
configure:3762: gcc -c -g  conftest.c >&5
configure:3768: $? = 0
configure:3867: result: yes
configure:3884: checking for gcc option to accept ISO C89
configure:3958: gcc  -c -g -O2  conftest.c >&5
configure:3964: $? = 0
configure:3987: result: none needed
configure:4007: checking dependency style of gcc
configure:4098: result: gcc3
configure:4119: checking how to run the C preprocessor
configure:4159: gcc -E  conftest.c
configure:4165: $? = 0
configure:4196: gcc -E  conftest.c
conftest.c:10:28: error: ac_nonexistent.h: No such file or directory
configure:4202: $? = 1
configure: failed program was:
| /* confdefs.h.  */
| #define PACKAGE_NAME "autodock"
| #define PACKAGE_TARNAME "autodock"
| #define PACKAGE_VERSION "4.2.3"
| #define PACKAGE_STRING "autodock 4.2.3"
| #define PACKAGE_BUGREPORT "autodock@scripps.edu"
| #define PACKAGE "autodock"
| #define VERSION "4.2.3"
| /* end confdefs.h.  */
| #include <ac_nonexistent.h>
configure:4235: result: gcc -E
configure:4264: gcc -E  conftest.c
configure:4270: $? = 0
configure:4301: gcc -E  conftest.c
conftest.c:10:28: error: ac_nonexistent.h: No such file or directory
configure:4307: $? = 1
configure: failed program was:
| /* confdefs.h.  */
| #define PACKAGE_NAME "autodock"
| #define PACKAGE_TARNAME "autodock"
| #define PACKAGE_VERSION "4.2.3"
| #define PACKAGE_STRING "autodock 4.2.3"
| #define PACKAGE_BUGREPORT "autodock@scripps.edu"
| #define PACKAGE "autodock"
| #define VERSION "4.2.3"
| /* end confdefs.h.  */
| #include <ac_nonexistent.h>
configure:4345: checking for grep that handles long lines and -e
configure:4419: result: /bin/grep
configure:4424: checking for egrep
configure:4502: result: /bin/grep -E
configure:4507: checking for ANSI C header files
configure:4537: gcc -c -g -O2  conftest.c >&5
configure:4543: $? = 0
configure:4642: gcc -o conftest -g -O2   conftest.c  >&5
configure:4645: $? = 0
configure:4651: ./conftest
configure:4654: $? = 0
configure:4671: result: yes
configure:4698: checking for sys/types.h
configure:4719: gcc -c -g -O2  conftest.c >&5
configure:4725: $? = 0
configure:4741: result: yes
configure:4698: checking for sys/stat.h
configure:4719: gcc -c -g -O2  conftest.c >&5
configure:4725: $? = 0
configure:4741: result: yes
configure:4698: checking for stdlib.h
configure:4719: gcc -c -g -O2  conftest.c >&5
configure:4725: $? = 0
configure:4741: result: yes
configure:4698: checking for string.h
configure:4719: gcc -c -g -O2  conftest.c >&5
configure:4725: $? = 0
configure:4741: result: yes
configure:4698: checking for memory.h
configure:4719: gcc -c -g -O2  conftest.c >&5
configure:4725: $? = 0
configure:4741: result: yes
configure:4698: checking for strings.h
configure:4719: gcc -c -g -O2  conftest.c >&5
configure:4725: $? = 0
configure:4741: result: yes
configure:4698: checking for inttypes.h
configure:4719: gcc -c -g -O2  conftest.c >&5
configure:4725: $? = 0
configure:4741: result: yes
configure:4698: checking for stdint.h
configure:4719: gcc -c -g -O2  conftest.c >&5
configure:4725: $? = 0
configure:4741: result: yes
configure:4698: checking for unistd.h
configure:4719: gcc -c -g -O2  conftest.c >&5
configure:4725: $? = 0
configure:4741: result: yes
configure:4753: checking for stdbool.h that conforms to C99
configure:4846: gcc -c -g -O2  conftest.c >&5
configure:4852: $? = 0
configure:4867: result: yes
configure:4869: checking for _Bool
configure:4899: gcc -c -g -O2  conftest.c >&5
configure:4905: $? = 0
configure:4920: result: yes
configure:4939: checking for an ANSI C-conforming const
configure:5014: gcc -c -g -O2  conftest.c >&5
configure:5020: $? = 0
configure:5035: result: yes
configure:5045: checking for inline
configure:5071: gcc -c -g -O2  conftest.c >&5
configure:5077: $? = 0
configure:5095: result: inline
configure:5114: checking for size_t
configure:5144: gcc -c -g -O2  conftest.c >&5
configure:5150: $? = 0
configure:5165: result: yes
configure:5177: checking whether struct tm is in sys/time.h or time.h
configure:5207: gcc -c -g -O2  conftest.c >&5
configure:5213: $? = 0
configure:5228: result: time.h
configure:5245: checking for stdlib.h
configure:5251: result: yes
configure:5385: checking for GNU libc compatible malloc
configure:5419: gcc -o conftest -g -O2   conftest.c  >&5
configure:5422: $? = 0
configure:5428: ./conftest
configure:5431: $? = 0
configure:5447: result: yes
configure:5482: checking for gethostname
configure:5538: gcc -o conftest -g -O2   conftest.c  >&5
configure:5544: $? = 0
configure:5562: result: yes
configure:5482: checking for pow
configure:5538: gcc -o conftest -g -O2   conftest.c  >&5
conftest.c:48: warning: conflicting types for built-in function 'pow'
/tmp/ccWhxlVn.o: In function `main':
/home/xouyang1/B-bond/autodock/src/autodock/conftest.c:59: undefined reference to `pow'
collect2: ld returned 1 exit status
configure:5544: $? = 1
configure: failed program was:
| /* confdefs.h.  */
| #define PACKAGE_NAME "autodock"
| #define PACKAGE_TARNAME "autodock"
| #define PACKAGE_VERSION "4.2.3"
| #define PACKAGE_STRING "autodock 4.2.3"
| #define PACKAGE_BUGREPORT "autodock@scripps.edu"
| #define PACKAGE "autodock"
| #define VERSION "4.2.3"
| #define STDC_HEADERS 1
| #define HAVE_SYS_TYPES_H 1
| #define HAVE_SYS_STAT_H 1
| #define HAVE_STDLIB_H 1
| #define HAVE_STRING_H 1
| #define HAVE_MEMORY_H 1
| #define HAVE_STRINGS_H 1
| #define HAVE_INTTYPES_H 1
| #define HAVE_STDINT_H 1
| #define HAVE_UNISTD_H 1
| #define HAVE__BOOL 1
| #define HAVE_STDBOOL_H 1
| #define HAVE_STDLIB_H 1
| #define HAVE_MALLOC 1
| #define HAVE_GETHOSTNAME 1
| /* end confdefs.h.  */
| /* Define pow to an innocuous variant, in case <limits.h> declares pow.
|    For example, HP-UX 11i <limits.h> declares gettimeofday.  */
| #define pow innocuous_pow
| 
| /* System header to define __stub macros and hopefully few prototypes,
|     which can conflict with char pow (); below.
|     Prefer <limits.h> to <assert.h> if __STDC__ is defined, since
|     <limits.h> exists even on freestanding compilers.  */
| 
| #ifdef __STDC__
| # include <limits.h>
| #else
| # include <assert.h>
| #endif
| 
| #undef pow
| 
| /* Override any GCC internal prototype to avoid an error.
|    Use char because int might match the return type of a GCC
|    builtin and then its argument prototype would still apply.  */
| #ifdef __cplusplus
| extern "C"
| #endif
| char pow ();
| /* The GNU C library defines this for functions which it implements
|     to always fail with ENOSYS.  Some functions are actually named
|     something starting with __ and the normal name is an alias.  */
| #if defined __stub_pow || defined __stub___pow
| choke me
| #endif
| 
| int
| main ()
| {
| return pow ();
|   ;
|   return 0;
| }
configure:5562: result: no
configure:5482: checking for sqrt
configure:5538: gcc -o conftest -g -O2   conftest.c  >&5
conftest.c:48: warning: conflicting types for built-in function 'sqrt'
/tmp/ccOIabAu.o: In function `main':
/home/xouyang1/B-bond/autodock/src/autodock/conftest.c:59: undefined reference to `sqrt'
collect2: ld returned 1 exit status
configure:5544: $? = 1
configure: failed program was:
| /* confdefs.h.  */
| #define PACKAGE_NAME "autodock"
| #define PACKAGE_TARNAME "autodock"
| #define PACKAGE_VERSION "4.2.3"
| #define PACKAGE_STRING "autodock 4.2.3"
| #define PACKAGE_BUGREPORT "autodock@scripps.edu"
| #define PACKAGE "autodock"
| #define VERSION "4.2.3"
| #define STDC_HEADERS 1
| #define HAVE_SYS_TYPES_H 1
| #define HAVE_SYS_STAT_H 1
| #define HAVE_STDLIB_H 1
| #define HAVE_STRING_H 1
| #define HAVE_MEMORY_H 1
| #define HAVE_STRINGS_H 1
| #define HAVE_INTTYPES_H 1
| #define HAVE_STDINT_H 1
| #define HAVE_UNISTD_H 1
| #define HAVE__BOOL 1
| #define HAVE_STDBOOL_H 1
| #define HAVE_STDLIB_H 1
| #define HAVE_MALLOC 1
| #define HAVE_GETHOSTNAME 1
| /* end confdefs.h.  */
| /* Define sqrt to an innocuous variant, in case <limits.h> declares sqrt.
|    For example, HP-UX 11i <limits.h> declares gettimeofday.  */
| #define sqrt innocuous_sqrt
| 
| /* System header to define __stub macros and hopefully few prototypes,
|     which can conflict with char sqrt (); below.
|     Prefer <limits.h> to <assert.h> if __STDC__ is defined, since
|     <limits.h> exists even on freestanding compilers.  */
| 
| #ifdef __STDC__
| # include <limits.h>
| #else
| # include <assert.h>
| #endif
| 
| #undef sqrt
| 
| /* Override any GCC internal prototype to avoid an error.
|    Use char because int might match the return type of a GCC
|    builtin and then its argument prototype would still apply.  */
| #ifdef __cplusplus
| extern "C"
| #endif
| char sqrt ();
| /* The GNU C library defines this for functions which it implements
|     to always fail with ENOSYS.  Some functions are actually named
|     something starting with __ and the normal name is an alias.  */
| #if defined __stub_sqrt || defined __stub___sqrt
| choke me
| #endif
| 
| int
| main ()
| {
| return sqrt ();
|   ;
|   return 0;
| }
configure:5562: result: no
configure:5482: checking for strncasecmp
configure:5538: gcc -o conftest -g -O2   conftest.c  >&5
conftest.c:48: warning: conflicting types for built-in function 'strncasecmp'
configure:5544: $? = 0
configure:5562: result: yes
configure:5751: creating ./config.status

## ---------------------- ##
## Running config.status. ##
## ---------------------- ##

This file was extended by autodock config.status 4.2.3, which was
generated by GNU Autoconf 2.61.  Invocation command line was

  CONFIG_FILES    = 
  CONFIG_HEADERS  = 
  CONFIG_LINKS    = 
  CONFIG_COMMANDS = 
  $ ./config.status 

on bircibm

config.status:633: creating Makefile
config.status:824: executing depfiles commands

## ---------------- ##
## Cache variables. ##
## ---------------- ##

ac_cv_build=x86_64-unknown-linux-gnu
ac_cv_c_compiler_gnu=yes
ac_cv_c_const=yes
ac_cv_c_inline=inline
ac_cv_cxx_compiler_gnu=yes
ac_cv_env_CCC_set=
ac_cv_env_CCC_value=
ac_cv_env_CC_set=
ac_cv_env_CC_value=
ac_cv_env_CFLAGS_set=
ac_cv_env_CFLAGS_value=
ac_cv_env_CPPFLAGS_set=
ac_cv_env_CPPFLAGS_value=
ac_cv_env_CPP_set=
ac_cv_env_CPP_value=
ac_cv_env_CXXFLAGS_set=
ac_cv_env_CXXFLAGS_value=
ac_cv_env_CXX_set=
ac_cv_env_CXX_value=
ac_cv_env_LDFLAGS_set=
ac_cv_env_LDFLAGS_value=
ac_cv_env_LIBS_set=
ac_cv_env_LIBS_value=
ac_cv_env_build_alias_set=
ac_cv_env_build_alias_value=
ac_cv_env_host_alias_set=
ac_cv_env_host_alias_value=
ac_cv_env_target_alias_set=
ac_cv_env_target_alias_value=
ac_cv_func_gethostname=yes
ac_cv_func_malloc_0_nonnull=yes
ac_cv_func_pow=no
ac_cv_func_sqrt=no
ac_cv_func_strncasecmp=yes
ac_cv_header_inttypes_h=yes
ac_cv_header_memory_h=yes
ac_cv_header_stdbool_h=yes
ac_cv_header_stdc=yes
ac_cv_header_stdint_h=yes
ac_cv_header_stdlib_h=yes
ac_cv_header_string_h=yes
ac_cv_header_strings_h=yes
ac_cv_header_sys_stat_h=yes
ac_cv_header_sys_types_h=yes
ac_cv_header_unistd_h=yes
ac_cv_host=x86_64-unknown-linux-gnu
ac_cv_objext=o
ac_cv_path_EGREP='/bin/grep -E'
ac_cv_path_GREP=/bin/grep
ac_cv_path_install='/usr/bin/install -c'
ac_cv_path_mkdir=/bin/mkdir
ac_cv_prog_AWK=gawk
ac_cv_prog_CPP='gcc -E'
ac_cv_prog_ac_ct_CC=gcc
ac_cv_prog_ac_ct_CXX=g++
ac_cv_prog_ac_ct_RANLIB=ranlib
ac_cv_prog_cc_c89=
ac_cv_prog_cc_g=yes
ac_cv_prog_cxx_g=yes
ac_cv_prog_make_make_set=yes
ac_cv_struct_tm=time.h
ac_cv_type__Bool=yes
ac_cv_type_size_t=yes
am_cv_CC_dependencies_compiler_type=gcc3
am_cv_CXX_dependencies_compiler_type=gcc3

## ----------------- ##
## Output variables. ##
## ----------------- ##

ACLOCAL='${SHELL} /home/xouyang1/B-bond/autodock/src/autodock/missing --run aclocal-1.10'
AMDEPBACKSLASH='\'
AMDEP_FALSE='#'
AMDEP_TRUE=''
AMTAR='${SHELL} /home/xouyang1/B-bond/autodock/src/autodock/missing --run tar'
AUTOCONF='${SHELL} /home/xouyang1/B-bond/autodock/src/autodock/missing --run autoconf'
AUTOHEADER='${SHELL} /home/xouyang1/B-bond/autodock/src/autodock/missing --run autoheader'
AUTOMAKE='${SHELL} /home/xouyang1/B-bond/autodock/src/autodock/missing --run automake-1.10'
AWK='gawk'
CC='gcc'
CCDEPMODE='depmode=gcc3'
CFLAGS='-g -O2'
CPP='gcc -E'
CPPFLAGS=''
CXX='g++'
CXXDEPMODE='depmode=gcc3'
CXXFLAGS=''
CYGPATH_W='echo'
DEFS='-DPACKAGE_NAME=\"autodock\" -DPACKAGE_TARNAME=\"autodock\" -DPACKAGE_VERSION=\"4.2.3\" -DPACKAGE_STRING=\"autodock\ 4.2.3\" -DPACKAGE_BUGREPORT=\"autodock@scripps.edu\" -DPACKAGE=\"autodock\" -DVERSION=\"4.2.3\" -DSTDC_HEADERS=1 -DHAVE_SYS_TYPES_H=1 -DHAVE_SYS_STAT_H=1 -DHAVE_STDLIB_H=1 -DHAVE_STRING_H=1 -DHAVE_MEMORY_H=1 -DHAVE_STRINGS_H=1 -DHAVE_INTTYPES_H=1 -DHAVE_STDINT_H=1 -DHAVE_UNISTD_H=1 -DHAVE__BOOL=1 -DHAVE_STDBOOL_H=1 -DHAVE_STDLIB_H=1 -DHAVE_MALLOC=1 -DHAVE_GETHOSTNAME=1 -DHAVE_STRNCASECMP=1'
DEPDIR='.deps'
ECHO_C=''
ECHO_N='-n'
ECHO_T=''
EGREP='/bin/grep -E'
EXEEXT=''
GREP='/bin/grep'
INSTALL_DATA='${INSTALL} -m 644'
INSTALL_PROGRAM='${INSTALL}'
INSTALL_SCRIPT='${INSTALL}'
INSTALL_STRIP_PROGRAM='$(install_sh) -c -s'
LDFLAGS=''
LIBOBJS=''
LIBS=''
LTLIBOBJS=''
MAKEINFO='${SHELL} /home/xouyang1/B-bond/autodock/src/autodock/missing --run makeinfo'
OBJEXT='o'
PACKAGE='autodock'
PACKAGE_BUGREPORT='autodock@scripps.edu'
PACKAGE_NAME='autodock'
PACKAGE_STRING='autodock 4.2.3'
PACKAGE_TARNAME='autodock'
PACKAGE_VERSION='4.2.3'
PATH_SEPARATOR=':'
RANLIB='ranlib'
SET_MAKE=''
SHELL='/bin/sh'
STRIP=''
VERSION='4.2.3'
WANT_BIGSTACK_FALSE=''
WANT_BIGSTACK_TRUE='#'
ac_ct_CC='gcc'
ac_ct_CXX='g++'
am__fastdepCC_FALSE='#'
am__fastdepCC_TRUE=''
am__fastdepCXX_FALSE='#'
am__fastdepCXX_TRUE=''
am__include='include'
am__isrc=''
am__leading_dot='.'
am__quote=''
am__tar='${AMTAR} chof - "$$tardir"'
am__untar='${AMTAR} xf -'
bindir='${exec_prefix}/bin'
build='x86_64-unknown-linux-gnu'
build_alias=''
build_cpu='x86_64'
build_os='linux-gnu'
build_vendor='unknown'
datadir='${datarootdir}'
datarootdir='${prefix}/share'
docdir='${datarootdir}/doc/${PACKAGE_TARNAME}'
dvidir='${docdir}'
exec_prefix='${prefix}'
host='x86_64-unknown-linux-gnu'
host_alias=''
host_cpu='x86_64'
host_os='linux-gnu'
host_vendor='unknown'
htmldir='${docdir}'
includedir='${prefix}/include'
infodir='${datarootdir}/info'
install_sh='$(SHELL) /home/xouyang1/B-bond/autodock/src/autodock/install-sh'
libdir='${exec_prefix}/lib'
libexecdir='${exec_prefix}/libexec'
localedir='${datarootdir}/locale'
localstatedir='${prefix}/var'
mandir='${datarootdir}/man'
mkdir_p='/bin/mkdir -p'
oldincludedir='/usr/include'
pdfdir='${docdir}'
prefix='/usr/local'
program_transform_name='s,x,x,'
psdir='${docdir}'
sbindir='${exec_prefix}/sbin'
sharedstatedir='${prefix}/com'
sysconfdir='${prefix}/etc'
target_alias=''

## ----------- ##
## confdefs.h. ##
## ----------- ##

#define PACKAGE_NAME "autodock"
#define PACKAGE_TARNAME "autodock"
#define PACKAGE_VERSION "4.2.3"
#define PACKAGE_STRING "autodock 4.2.3"
#define PACKAGE_BUGREPORT "autodock@scripps.edu"
#define PACKAGE "autodock"
#define VERSION "4.2.3"
#define STDC_HEADERS 1
#define HAVE_SYS_TYPES_H 1
#define HAVE_SYS_STAT_H 1
#define HAVE_STDLIB_H 1
#define HAVE_STRING_H 1
#define HAVE_MEMORY_H 1
#define HAVE_STRINGS_H 1
#define HAVE_INTTYPES_H 1
#define HAVE_STDINT_H 1
#define HAVE_UNISTD_H 1
#define HAVE__BOOL 1
#define HAVE_STDBOOL_H 1
#define HAVE_STDLIB_H 1
#define HAVE_MALLOC 1
#define HAVE_GETHOSTNAME 1
#define HAVE_STRNCASECMP 1

configure: exit 0
